2024-06-21T17:07:04+00:00 DEBUG POST: https://ads.tiktok.com/marketing_api/api/developer/app/create_auto_approve/

{"business_platform":"PROD","smb_id":"tt4b_woocommerce_6675b3387d6abhttpsadwiserbewp-admin","smb_name":"PROD","redirect_url":"https:\/\/adwiser.be\/wp-admin\/"}
 ajax: no
2024-06-21T17:07:04+00:00 DEBUG Tt4b_Mapi_Class::create_open_source_app: Response: 

HTTP/1.1 200 OK
Content-Type: application/json
X-Tt-Logid: 202406211707035DD630DA5A55892D88B9,202406211707035DD630DA5A55892D88B9
Strict-Transport-Security: max-age=31536000; includeSubDomains
x-tt-trace-host: 0135e25db5e7b1035056426f06cb6aa90611f31213961a972f8408aa81843a891250ff3ac0c6e00b311eb582481c9b60cc46751976cbfc9d9f83593c047194a437b92aeae6becd1c86541640c8f2855102ec2eb0867ae596e1c829dc6a4c88ef1492d46c6c11be97af662ea2fb5c2f2694
x-tt-trace-id: 00-2406211707035DD630DA5A55892D88B9-0E8B3CF66C599016-00
Server: TLB
Content-Encoding: gzip
Content-Length: 200
X-Origin-Response-Time: 89,23.35.149.81
X-Akamai-Request-ID: 858856e2.760aa33d
Date: Fri, 21 Jun 2024 17:07:04 GMT
X-Cache: TCP_MISS from a23-72-226-207.deploy.akamaitechnologies.com (AkamaiGHost/11.5.2-56372494) (-)
Connection: close
Vary: Accept-Encoding
X-Cache-Remote: TCP_MISS from a23-35-149-81.deploy.akamaitechnologies.com (AkamaiGHost/11.5.2-56372494) (-)
x-tt-trace-tag: id=16;cdn-cache=miss;type=dyn
Server-Timing: cdn-cache; desc=MISS, edge; dur=159, origin; dur=89
Server-Timing: inner; dur=52
X-Parent-Response-Time: 235,23.72.226.207

{"code":0,"msg":"ok","data":{"external_data_key":"8e0167be-5381-4c6a-8a0e-ce77bfef104a","app_id":"7383004220162572296","redirect_uri":"https:\/\/adwiser.be\/wp-admin\/","app_secret":"4b1641844df989029fd1dd2da9adf5f36a38fffa"}}
2024-06-21T17:57:34+00:00 DEBUG POST: https://business-api.tiktok.com/tbp/v2.0/business_profile/disconnect?external_data=

{"business_platform":"WOO_COMMERCE","external_business_id":"tt4b_woocommerce_6675b3387d6ab"}
 ajax: no
2024-06-21T17:57:34+00:00 DEBUG Tt4b_Mapi_Class::tbp_post: Response: 

HTTP/1.1 200 OK
Content-Type: application/json; charset=utf-8
Content-Length: 95
X-Api-Deprecation-Info: API for Business Version 1.3 is now live. To avoid disruption to your business, we recommend you migrate all calls to v1.3 as soon as possible. Please visit our migration guide for more details: https://ads.tiktok.com/marketing_api/docs?id=1740029169927169
X-Domain-Change-Info: We have moved to the new domain business-api.tiktok.com for API services after the Platform Upgrade on 09/30/2021. Please update all of your requests with the new domain if you haven't done so already. For more information, please visit https://ads.tiktok.com/marketing_api/docs?rid=esb88xalm6m&id=1709207085043713
X-Tt-Logid: 2024062117573396DD41E32ADB92148FA0
x-tt-trace-host: 0135e25db5e7b1035056426f06cb6aa9068b3e15ad33775aace0659c75d888c9ca6b109390f6e581fd0bed9d25791dea73cfb94836a0ac0506f879ffdac6bdcd2ebda13e7fbc431ba33cdc9e2c62d3a3ee302328978bc2dbe98fc6df78c29e86c3dca86f27965f0df658f7b27172f3bebe
x-tt-trace-id: 00-24062117573396DD41E32ADB92148FA0-4228034D1D5BE29F-00
Server: TLB
X-Origin-Response-Time: 18,23.211.140.159
X-Akamai-Request-ID: 11f87587.1179297.251fe58
X-Parent-Response-Time: 80,23.32.9.170
Expires: Fri, 21 Jun 2024 17:57:34 GMT
Cache-Control: max-age=0, no-cache, no-store
Pragma: no-cache
Date: Fri, 21 Jun 2024 17:57:34 GMT
X-Cache: TCP_MISS from a23-79-246-155.deploy.akamaitechnologies.com (AkamaiGHost/11.5.3-56950534) (-)
Connection: close
X-Cache-Remote: TCP_MISS from a23-32-9-170.deploy.akamaitechnologies.com (AkamaiGHost/11.5.2-56655770) (-)
x-tt-trace-tag: id=16;cdn-cache=miss;type=dyn
Server-Timing: cdn-cache; desc=MISS, edge; dur=200, origin; dur=18
Server-Timing: inner; dur=14
X-Parent-Response-Time: 218,23.79.246.155

{"code":40001,"message":"Permission denied.","request_id":"2024062117573396DD41E32ADB92148FA0"}
2024-06-21T17:57:34+00:00 DEBUG POST: https://business-api.tiktok.com/tbp/v2.0/shop/connection/disconnect?external_data=

--- EMPTY STRING ---
 ajax: no
2024-06-21T17:57:35+00:00 DEBUG Tt4b_Mapi_Class::tts_shop_disconnect: Response: 

HTTP/1.1 200 OK
Content-Type: application/json; charset=utf-8
Content-Length: 95
X-Api-Deprecation-Info: API for Business Version 1.3 is now live. To avoid disruption to your business, we recommend you migrate all calls to v1.3 as soon as possible. Please visit our migration guide for more details: https://ads.tiktok.com/marketing_api/docs?id=1740029169927169
X-Domain-Change-Info: We have moved to the new domain business-api.tiktok.com for API services after the Platform Upgrade on 09/30/2021. Please update all of your requests with the new domain if you haven't done so already. For more information, please visit https://ads.tiktok.com/marketing_api/docs?rid=esb88xalm6m&id=1709207085043713
X-Tt-Logid: 20240621175733B8FB6CB5EDD839153BA9
x-tt-trace-host: 0135e25db5e7b1035056426f06cb6aa906dc86de7808ea5e7ef6d8005f8b91e3af045eead81c2d1921ad8877a7c1c91b6a35f2bb488cabd1d22b3f7169b99a30426df7255e9085d68b85a5f7439550080684c3562577371e899b2bbc8195e5813731159aedd70cff0bc04790933ea23773
x-tt-trace-id: 00-240621175733B8FB6CB5EDD839153BA9-3179D66B7B482A94-00
Server: TLB
X-Origin-Response-Time: 17,23.211.140.77
X-Akamai-Request-ID: 108f53ab.d698ad.2a079ded
X-Parent-Response-Time: 79,23.32.9.183
Expires: Fri, 21 Jun 2024 17:57:35 GMT
Cache-Control: max-age=0, no-cache, no-store
Pragma: no-cache
Date: Fri, 21 Jun 2024 17:57:35 GMT
X-Cache: TCP_MISS from a23-79-246-152.deploy.akamaitechnologies.com (AkamaiGHost/11.5.2-56655770) (-)
Connection: close
X-Cache-Remote: TCP_MISS from a23-32-9-183.deploy.akamaitechnologies.com (AkamaiGHost/11.5.3-56950534) (-)
x-tt-trace-tag: id=16;cdn-cache=miss;type=dyn
Server-Timing: cdn-cache; desc=MISS, edge; dur=189, origin; dur=17
Server-Timing: inner; dur=9
X-Parent-Response-Time: 205,23.79.246.152

{"code":40001,"message":"Permission denied.","request_id":"20240621175733B8FB6CB5EDD839153BA9"}
